2025-06-12 15:24:55,505 - INFO - Downloading NVD data for 2002...
2025-06-12 15:24:55,576 - INFO - Downloading NVD data for 2003...
2025-06-12 15:24:55,612 - INFO - Downloading NVD data for 2004...
2025-06-12 15:24:55,649 - INFO - Downloading NVD data for 2005...
2025-06-12 15:24:55,685 - INFO - Downloading NVD data for 2006...
2025-06-12 15:24:55,721 - INFO - Downloading NVD data for 2007...
2025-06-12 15:24:55,756 - INFO - Downloading NVD data for 2008...
2025-06-12 15:24:55,792 - INFO - Downloading NVD data for 2009...
2025-06-12 15:24:55,828 - INFO - Downloading NVD data for 2010...
2025-06-12 15:24:55,863 - INFO - Downloading NVD data for 2011...
2025-06-12 15:24:55,899 - INFO - Downloading NVD data for 2012...
2025-06-12 15:24:55,935 - INFO - Downloading NVD data for 2013...
2025-06-12 15:24:55,970 - INFO - Downloading NVD data for 2014...
2025-06-12 15:24:56,006 - INFO - Downloading NVD data for 2015...
2025-06-12 15:24:56,043 - INFO - Downloading NVD data for 2016...
2025-06-12 15:24:56,079 - INFO - Downloading NVD data for 2017...
2025-06-12 15:24:56,115 - INFO - Downloading NVD data for 2018...
2025-06-12 15:24:56,152 - INFO - Downloading NVD data for 2019...
2025-06-12 15:24:56,188 - INFO - Downloading NVD data for 2020...
2025-06-12 15:24:56,224 - INFO - Downloading NVD data for 2021...
2025-06-12 15:24:56,260 - INFO - Downloading NVD data for 2022...
2025-06-12 15:24:56,295 - INFO - Downloading NVD data for 2023...
2025-06-12 15:24:56,332 - INFO - Downloading NVD data for 2024...
2025-06-12 15:24:56,368 - INFO - Downloading NVD data for 2025...
2025-06-12 15:24:57,478 - INFO - HTTP Request: GET https://nvd.nist.gov/feeds/json/cve/2.0/nvdcve-2.0-2024.json.zip "HTTP/1.1 200 OK"
2025-06-12 15:24:57,555 - INFO - HTTP Request: GET https://nvd.nist.gov/feeds/json/cve/2.0/nvdcve-2.0-2008.json.zip "HTTP/1.1 200 OK"
2025-06-12 15:24:57,668 - INFO - HTTP Request: GET https://nvd.nist.gov/feeds/json/cve/2.0/nvdcve-2.0-2017.json.zip "HTTP/1.1 200 OK"
2025-06-12 15:24:57,680 - INFO - HTTP Request: GET https://nvd.nist.gov/feeds/json/cve/2.0/nvdcve-2.0-2016.json.zip "HTTP/1.1 200 OK"
2025-06-12 15:24:57,717 - INFO - HTTP Request: GET https://nvd.nist.gov/feeds/json/cve/2.0/nvdcve-2.0-2013.json.zip "HTTP/1.1 200 OK"
2025-06-12 15:24:57,729 - INFO - HTTP Request: GET https://nvd.nist.gov/feeds/json/cve/2.0/nvdcve-2.0-2022.json.zip "HTTP/1.1 200 OK"
2025-06-12 15:24:57,732 - INFO - HTTP Request: GET https://nvd.nist.gov/feeds/json/cve/2.0/nvdcve-2.0-2015.json.zip "HTTP/1.1 200 OK"
2025-06-12 15:24:57,744 - INFO - HTTP Request: GET https://nvd.nist.gov/feeds/json/cve/2.0/nvdcve-2.0-2011.json.zip "HTTP/1.1 200 OK"
2025-06-12 15:24:57,746 - INFO - HTTP Request: GET https://nvd.nist.gov/feeds/json/cve/2.0/nvdcve-2.0-2002.json.zip "HTTP/1.1 200 OK"
2025-06-12 15:24:57,752 - INFO - HTTP Request: GET https://nvd.nist.gov/feeds/json/cve/2.0/nvdcve-2.0-2006.json.zip "HTTP/1.1 200 OK"
2025-06-12 15:24:57,774 - INFO - HTTP Request: GET https://nvd.nist.gov/feeds/json/cve/2.0/nvdcve-2.0-2003.json.zip "HTTP/1.1 200 OK"
2025-06-12 15:24:57,806 - INFO - HTTP Request: GET https://nvd.nist.gov/feeds/json/cve/2.0/nvdcve-2.0-2023.json.zip "HTTP/1.1 200 OK"
2025-06-12 15:24:57,808 - INFO - HTTP Request: GET https://nvd.nist.gov/feeds/json/cve/2.0/nvdcve-2.0-2019.json.zip "HTTP/1.1 200 OK"
2025-06-12 15:24:57,873 - INFO - HTTP Request: GET https://nvd.nist.gov/feeds/json/cve/2.0/nvdcve-2.0-2025.json.zip "HTTP/1.1 200 OK"
2025-06-12 15:24:57,878 - INFO - HTTP Request: GET https://nvd.nist.gov/feeds/json/cve/2.0/nvdcve-2.0-2018.json.zip "HTTP/1.1 200 OK"
2025-06-12 15:24:57,902 - INFO - HTTP Request: GET https://nvd.nist.gov/feeds/json/cve/2.0/nvdcve-2.0-2010.json.zip "HTTP/1.1 200 OK"
2025-06-12 15:24:57,903 - INFO - HTTP Request: GET https://nvd.nist.gov/feeds/json/cve/2.0/nvdcve-2.0-2012.json.zip "HTTP/1.1 200 OK"
2025-06-12 15:24:57,904 - INFO - HTTP Request: GET https://nvd.nist.gov/feeds/json/cve/2.0/nvdcve-2.0-2004.json.zip "HTTP/1.1 200 OK"
2025-06-12 15:24:57,906 - INFO - HTTP Request: GET https://nvd.nist.gov/feeds/json/cve/2.0/nvdcve-2.0-2005.json.zip "HTTP/1.1 200 OK"
2025-06-12 15:24:57,917 - INFO - HTTP Request: GET https://nvd.nist.gov/feeds/json/cve/2.0/nvdcve-2.0-2020.json.zip "HTTP/1.1 200 OK"
2025-06-12 15:24:57,932 - INFO - HTTP Request: GET https://nvd.nist.gov/feeds/json/cve/2.0/nvdcve-2.0-2021.json.zip "HTTP/1.1 200 OK"
2025-06-12 15:24:57,990 - INFO - HTTP Request: GET https://nvd.nist.gov/feeds/json/cve/2.0/nvdcve-2.0-2009.json.zip "HTTP/1.1 200 OK"
2025-06-12 15:24:57,992 - INFO - HTTP Request: GET https://nvd.nist.gov/feeds/json/cve/2.0/nvdcve-2.0-2014.json.zip "HTTP/1.1 200 OK"
2025-06-12 15:24:57,993 - INFO - HTTP Request: GET https://nvd.nist.gov/feeds/json/cve/2.0/nvdcve-2.0-2007.json.zip "HTTP/1.1 200 OK"
2025-06-12 15:24:59,214 - INFO - Extracted JSON for 2003 at nvd_data/cves/nvdcve-2.0-2003.json
2025-06-12 15:24:59,398 - INFO - Extracted JSON for 2002 at nvd_data/cves/nvdcve-2.0-2002.json
2025-06-12 15:24:59,822 - INFO - Extracted JSON for 2011 at nvd_data/cves/nvdcve-2.0-2011.json
2025-06-12 15:24:59,933 - INFO - Extracted JSON for 2004 at nvd_data/cves/nvdcve-2.0-2004.json
2025-06-12 15:25:00,247 - INFO - Extracted JSON for 2008 at nvd_data/cves/nvdcve-2.0-2008.json
2025-06-12 15:25:00,377 - INFO - Extracted JSON for 2005 at nvd_data/cves/nvdcve-2.0-2005.json
2025-06-12 15:25:01,490 - INFO - Extracted JSON for 2014 at nvd_data/cves/nvdcve-2.0-2014.json
2025-06-12 15:25:01,762 - INFO - Extracted JSON for 2007 at nvd_data/cves/nvdcve-2.0-2007.json
2025-06-12 15:25:02,205 - INFO - Extracted JSON for 2025 at nvd_data/cves/nvdcve-2.0-2025.json
2025-06-12 15:25:02,543 - INFO - Extracted JSON for 2010 at nvd_data/cves/nvdcve-2.0-2010.json
2025-06-12 15:25:02,986 - INFO - Extracted JSON for 2016 at nvd_data/cves/nvdcve-2.0-2016.json
2025-06-12 15:25:03,178 - INFO - Extracted JSON for 2015 at nvd_data/cves/nvdcve-2.0-2015.json
2025-06-12 15:25:03,338 - INFO - Extracted JSON for 2006 at nvd_data/cves/nvdcve-2.0-2006.json
2025-06-12 15:25:03,757 - INFO - Extracted JSON for 2013 at nvd_data/cves/nvdcve-2.0-2013.json
2025-06-12 15:25:04,643 - INFO - Extracted JSON for 2017 at nvd_data/cves/nvdcve-2.0-2017.json
2025-06-12 15:25:05,001 - INFO - Extracted JSON for 2012 at nvd_data/cves/nvdcve-2.0-2012.json
2025-06-12 15:25:05,291 - INFO - Extracted JSON for 2009 at nvd_data/cves/nvdcve-2.0-2009.json
2025-06-12 15:25:06,231 - INFO - Extracted JSON for 2018 at nvd_data/cves/nvdcve-2.0-2018.json
2025-06-12 15:25:21,893 - INFO - Extracted JSON for 2019 at nvd_data/cves/nvdcve-2.0-2019.json
2025-06-12 15:25:51,257 - INFO - Extracted JSON for 2020 at nvd_data/cves/nvdcve-2.0-2020.json
2025-06-12 15:26:10,961 - INFO - Extracted JSON for 2023 at nvd_data/cves/nvdcve-2.0-2023.json
2025-06-12 15:26:12,616 - INFO - Extracted JSON for 2022 at nvd_data/cves/nvdcve-2.0-2022.json
2025-06-12 15:26:14,238 - INFO - Extracted JSON for 2021 at nvd_data/cves/nvdcve-2.0-2021.json
2025-06-12 15:26:17,092 - INFO - Extracted JSON for 2024 at nvd_data/cves/nvdcve-2.0-2024.json
2025-06-12 15:26:27,396 - ERROR - Error parsing nvd_data/cves/nvdcve-2.0-2002.json: 'str' object has no attribute 'get'
2025-06-12 15:26:30,680 - ERROR - Error parsing nvd_data/cves/nvdcve-2.0-2003.json: 'str' object has no attribute 'get'
2025-06-12 15:26:37,138 - ERROR - Error parsing nvd_data/cves/nvdcve-2.0-2004.json: 'str' object has no attribute 'get'
2025-06-12 15:26:56,410 - INFO - Downloading NVD data for 2002...
2025-06-12 15:26:56,482 - INFO - Downloading NVD data for 2003...
2025-06-12 15:26:56,518 - INFO - Downloading NVD data for 2004...
2025-06-12 15:26:56,553 - INFO - Downloading NVD data for 2005...
2025-06-12 15:26:56,589 - INFO - Downloading NVD data for 2006...
2025-06-12 15:26:56,626 - INFO - Downloading NVD data for 2007...
2025-06-12 15:26:56,662 - INFO - Downloading NVD data for 2008...
2025-06-12 15:26:56,699 - INFO - Downloading NVD data for 2009...
2025-06-12 15:26:56,735 - INFO - Downloading NVD data for 2010...
2025-06-12 15:26:56,771 - INFO - Downloading NVD data for 2011...
2025-06-12 15:26:56,807 - INFO - Downloading NVD data for 2012...
2025-06-12 15:26:56,843 - INFO - Downloading NVD data for 2013...
2025-06-12 15:26:56,879 - INFO - Downloading NVD data for 2014...
2025-06-12 15:26:56,914 - INFO - Downloading NVD data for 2015...
2025-06-12 15:26:56,950 - INFO - Downloading NVD data for 2016...
2025-06-12 15:26:56,986 - INFO - Downloading NVD data for 2017...
2025-06-12 15:26:57,022 - INFO - Downloading NVD data for 2018...
2025-06-12 15:26:57,058 - INFO - Downloading NVD data for 2019...
2025-06-12 15:26:57,095 - INFO - Downloading NVD data for 2020...
2025-06-12 15:26:57,131 - INFO - Downloading NVD data for 2021...
2025-06-12 15:26:57,167 - INFO - Downloading NVD data for 2022...
2025-06-12 15:26:57,204 - INFO - Downloading NVD data for 2023...
2025-06-12 15:26:57,239 - INFO - Downloading NVD data for 2024...
2025-06-12 15:26:57,275 - INFO - Downloading NVD data for 2025...
2025-06-12 15:26:58,515 - INFO - HTTP Request: GET https://nvd.nist.gov/feeds/json/cve/2.0/nvdcve-2.0-2014.json.zip "HTTP/1.1 200 OK"
2025-06-12 15:26:58,532 - INFO - HTTP Request: GET https://nvd.nist.gov/feeds/json/cve/2.0/nvdcve-2.0-2023.json.zip "HTTP/1.1 200 OK"
2025-06-12 15:26:58,561 - INFO - HTTP Request: GET https://nvd.nist.gov/feeds/json/cve/2.0/nvdcve-2.0-2013.json.zip "HTTP/1.1 200 OK"
2025-06-12 15:26:58,584 - INFO - HTTP Request: GET https://nvd.nist.gov/feeds/json/cve/2.0/nvdcve-2.0-2004.json.zip "HTTP/1.1 200 OK"
2025-06-12 15:26:58,593 - INFO - HTTP Request: GET https://nvd.nist.gov/feeds/json/cve/2.0/nvdcve-2.0-2015.json.zip "HTTP/1.1 200 OK"
2025-06-12 15:26:58,595 - INFO - HTTP Request: GET https://nvd.nist.gov/feeds/json/cve/2.0/nvdcve-2.0-2002.json.zip "HTTP/1.1 200 OK"
2025-06-12 15:26:58,613 - INFO - HTTP Request: GET https://nvd.nist.gov/feeds/json/cve/2.0/nvdcve-2.0-2025.json.zip "HTTP/1.1 200 OK"
2025-06-12 15:26:58,614 - INFO - HTTP Request: GET https://nvd.nist.gov/feeds/json/cve/2.0/nvdcve-2.0-2005.json.zip "HTTP/1.1 200 OK"
2025-06-12 15:26:58,617 - INFO - HTTP Request: GET https://nvd.nist.gov/feeds/json/cve/2.0/nvdcve-2.0-2020.json.zip "HTTP/1.1 200 OK"
2025-06-12 15:26:58,626 - INFO - HTTP Request: GET https://nvd.nist.gov/feeds/json/cve/2.0/nvdcve-2.0-2022.json.zip "HTTP/1.1 200 OK"
2025-06-12 15:26:58,663 - INFO - HTTP Request: GET https://nvd.nist.gov/feeds/json/cve/2.0/nvdcve-2.0-2003.json.zip "HTTP/1.1 200 OK"
2025-06-12 15:26:58,666 - INFO - HTTP Request: GET https://nvd.nist.gov/feeds/json/cve/2.0/nvdcve-2.0-2011.json.zip "HTTP/1.1 200 OK"
2025-06-12 15:26:58,692 - INFO - HTTP Request: GET https://nvd.nist.gov/feeds/json/cve/2.0/nvdcve-2.0-2009.json.zip "HTTP/1.1 200 OK"
2025-06-12 15:26:58,694 - INFO - HTTP Request: GET https://nvd.nist.gov/feeds/json/cve/2.0/nvdcve-2.0-2006.json.zip "HTTP/1.1 200 OK"
2025-06-12 15:26:58,741 - INFO - HTTP Request: GET https://nvd.nist.gov/feeds/json/cve/2.0/nvdcve-2.0-2012.json.zip "HTTP/1.1 200 OK"
2025-06-12 15:26:58,772 - INFO - HTTP Request: GET https://nvd.nist.gov/feeds/json/cve/2.0/nvdcve-2.0-2024.json.zip "HTTP/1.1 200 OK"
2025-06-12 15:26:58,804 - INFO - HTTP Request: GET https://nvd.nist.gov/feeds/json/cve/2.0/nvdcve-2.0-2007.json.zip "HTTP/1.1 200 OK"
2025-06-12 15:26:58,836 - INFO - HTTP Request: GET https://nvd.nist.gov/feeds/json/cve/2.0/nvdcve-2.0-2008.json.zip "HTTP/1.1 200 OK"
2025-06-12 15:26:58,847 - INFO - HTTP Request: GET https://nvd.nist.gov/feeds/json/cve/2.0/nvdcve-2.0-2016.json.zip "HTTP/1.1 200 OK"
2025-06-12 15:26:58,858 - INFO - HTTP Request: GET https://nvd.nist.gov/feeds/json/cve/2.0/nvdcve-2.0-2021.json.zip "HTTP/1.1 200 OK"
2025-06-12 15:26:58,867 - INFO - HTTP Request: GET https://nvd.nist.gov/feeds/json/cve/2.0/nvdcve-2.0-2017.json.zip "HTTP/1.1 200 OK"
2025-06-12 15:26:58,868 - INFO - HTTP Request: GET https://nvd.nist.gov/feeds/json/cve/2.0/nvdcve-2.0-2019.json.zip "HTTP/1.1 200 OK"
2025-06-12 15:26:58,873 - INFO - HTTP Request: GET https://nvd.nist.gov/feeds/json/cve/2.0/nvdcve-2.0-2010.json.zip "HTTP/1.1 200 OK"
2025-06-12 15:26:58,884 - INFO - HTTP Request: GET https://nvd.nist.gov/feeds/json/cve/2.0/nvdcve-2.0-2018.json.zip "HTTP/1.1 200 OK"
2025-06-12 15:26:59,214 - INFO - Extracted JSON for 2003 at nvd_data/cves/nvdcve-2.0-2003.json
2025-06-12 15:26:59,985 - INFO - Extracted JSON for 2004 at nvd_data/cves/nvdcve-2.0-2004.json
2025-06-12 15:27:02,252 - INFO - Extracted JSON for 2014 at nvd_data/cves/nvdcve-2.0-2014.json
2025-06-12 15:27:02,431 - INFO - Extracted JSON for 2002 at nvd_data/cves/nvdcve-2.0-2002.json
2025-06-12 15:27:02,561 - INFO - Extracted JSON for 2005 at nvd_data/cves/nvdcve-2.0-2005.json
2025-06-12 15:27:02,765 - INFO - Extracted JSON for 2006 at nvd_data/cves/nvdcve-2.0-2006.json
2025-06-12 15:27:02,948 - INFO - Extracted JSON for 2009 at nvd_data/cves/nvdcve-2.0-2009.json
2025-06-12 15:27:03,361 - INFO - Extracted JSON for 2011 at nvd_data/cves/nvdcve-2.0-2011.json
2025-06-12 15:27:03,793 - INFO - Extracted JSON for 2008 at nvd_data/cves/nvdcve-2.0-2008.json
2025-06-12 15:27:04,305 - INFO - Extracted JSON for 2015 at nvd_data/cves/nvdcve-2.0-2015.json
2025-06-12 15:27:05,027 - INFO - Extracted JSON for 2025 at nvd_data/cves/nvdcve-2.0-2025.json
2025-06-12 15:27:05,953 - INFO - Extracted JSON for 2007 at nvd_data/cves/nvdcve-2.0-2007.json
2025-06-12 15:27:06,444 - INFO - Extracted JSON for 2016 at nvd_data/cves/nvdcve-2.0-2016.json
2025-06-12 15:27:06,853 - INFO - Extracted JSON for 2010 at nvd_data/cves/nvdcve-2.0-2010.json
2025-06-12 15:27:08,767 - INFO - Extracted JSON for 2012 at nvd_data/cves/nvdcve-2.0-2012.json
2025-06-12 15:27:09,232 - INFO - Extracted JSON for 2013 at nvd_data/cves/nvdcve-2.0-2013.json
2025-06-12 15:27:10,541 - INFO - Extracted JSON for 2017 at nvd_data/cves/nvdcve-2.0-2017.json
2025-06-12 15:27:11,337 - INFO - Extracted JSON for 2018 at nvd_data/cves/nvdcve-2.0-2018.json
2025-06-12 15:27:34,497 - INFO - Extracted JSON for 2019 at nvd_data/cves/nvdcve-2.0-2019.json
2025-06-12 15:27:38,106 - INFO - Extracted JSON for 2020 at nvd_data/cves/nvdcve-2.0-2020.json
2025-06-12 15:27:41,198 - INFO - Extracted JSON for 2023 at nvd_data/cves/nvdcve-2.0-2023.json
2025-06-12 15:27:43,993 - INFO - Extracted JSON for 2022 at nvd_data/cves/nvdcve-2.0-2022.json
2025-06-12 15:27:46,447 - INFO - Extracted JSON for 2021 at nvd_data/cves/nvdcve-2.0-2021.json
2025-06-12 15:27:48,927 - INFO - Extracted JSON for 2024 at nvd_data/cves/nvdcve-2.0-2024.json
2025-06-12 15:27:49,255 - ERROR - Error parsing nvd_data/cves/nvdcve-2.0-2002.json: 'str' object has no attribute 'get'
2025-06-12 15:27:49,320 - ERROR - Error parsing nvd_data/cves/nvdcve-2.0-2003.json: 'str' object has no attribute 'get'
2025-06-12 15:27:49,486 - ERROR - Error parsing nvd_data/cves/nvdcve-2.0-2004.json: 'str' object has no attribute 'get'
2025-06-12 15:27:49,743 - ERROR - Error parsing nvd_data/cves/nvdcve-2.0-2005.json: 'str' object has no attribute 'get'
2025-06-12 15:27:50,189 - ERROR - Error parsing nvd_data/cves/nvdcve-2.0-2006.json: 'str' object has no attribute 'get'
2025-06-12 15:27:50,654 - ERROR - Error parsing nvd_data/cves/nvdcve-2.0-2007.json: 'str' object has no attribute 'get'
2025-06-12 15:27:51,388 - ERROR - Error parsing nvd_data/cves/nvdcve-2.0-2008.json: 'str' object has no attribute 'get'
2025-06-12 15:27:51,873 - ERROR - Error parsing nvd_data/cves/nvdcve-2.0-2009.json: 'str' object has no attribute 'get'
2025-06-12 15:27:52,368 - ERROR - Error parsing nvd_data/cves/nvdcve-2.0-2010.json: 'str' object has no attribute 'get'
2025-06-12 15:27:52,833 - ERROR - Error parsing nvd_data/cves/nvdcve-2.0-2011.json: 'str' object has no attribute 'get'
2025-06-12 15:27:53,291 - ERROR - Error parsing nvd_data/cves/nvdcve-2.0-2012.json: 'str' object has no attribute 'get'
2025-06-12 15:27:53,902 - ERROR - Error parsing nvd_data/cves/nvdcve-2.0-2013.json: 'str' object has no attribute 'get'
2025-06-12 15:27:54,561 - ERROR - Error parsing nvd_data/cves/nvdcve-2.0-2014.json: 'str' object has no attribute 'get'
2025-06-12 15:27:55,217 - ERROR - Error parsing nvd_data/cves/nvdcve-2.0-2015.json: 'str' object has no attribute 'get'
2025-06-12 15:27:56,068 - ERROR - Error parsing nvd_data/cves/nvdcve-2.0-2016.json: 'str' object has no attribute 'get'
2025-06-12 15:27:57,290 - ERROR - Error parsing nvd_data/cves/nvdcve-2.0-2017.json: 'str' object has no attribute 'get'
2025-06-12 15:27:58,652 - ERROR - Error parsing nvd_data/cves/nvdcve-2.0-2018.json: 'str' object has no attribute 'get'
2025-06-12 15:28:00,282 - ERROR - Error parsing nvd_data/cves/nvdcve-2.0-2019.json: 'str' object has no attribute 'get'
2025-06-12 15:28:02,289 - ERROR - Error parsing nvd_data/cves/nvdcve-2.0-2020.json: 'str' object has no attribute 'get'
2025-06-12 15:28:04,709 - ERROR - Error parsing nvd_data/cves/nvdcve-2.0-2021.json: 'str' object has no attribute 'get'
2025-06-12 15:28:07,313 - ERROR - Error parsing nvd_data/cves/nvdcve-2.0-2022.json: 'str' object has no attribute 'get'
2025-06-12 15:28:09,942 - ERROR - Error parsing nvd_data/cves/nvdcve-2.0-2023.json: 'str' object has no attribute 'get'
2025-06-12 15:28:12,506 - ERROR - Error parsing nvd_data/cves/nvdcve-2.0-2024.json: 'str' object has no attribute 'get'
2025-06-12 15:28:13,263 - ERROR - Error parsing nvd_data/cves/nvdcve-2.0-2025.json: 'str' object has no attribute 'get'
2025-06-12 15:28:13,300 - INFO - All data inserted in 76.89s
2025-06-12 15:38:35,741 - INFO - Downloading NVD data for 2002...
2025-06-12 15:38:35,814 - INFO - Downloading NVD data for 2003...
2025-06-12 15:38:35,851 - INFO - Downloading NVD data for 2004...
2025-06-12 15:38:35,887 - INFO - Downloading NVD data for 2005...
2025-06-12 15:38:35,923 - INFO - Downloading NVD data for 2006...
2025-06-12 15:38:35,958 - INFO - Downloading NVD data for 2007...
2025-06-12 15:38:35,993 - INFO - Downloading NVD data for 2008...
2025-06-12 15:38:36,029 - INFO - Downloading NVD data for 2009...
2025-06-12 15:38:36,064 - INFO - Downloading NVD data for 2010...
2025-06-12 15:38:36,100 - INFO - Downloading NVD data for 2011...
2025-06-12 15:38:36,135 - INFO - Downloading NVD data for 2012...
2025-06-12 15:38:36,170 - INFO - Downloading NVD data for 2013...
2025-06-12 15:38:36,206 - INFO - Downloading NVD data for 2014...
2025-06-12 15:38:36,241 - INFO - Downloading NVD data for 2015...
2025-06-12 15:38:36,276 - INFO - Downloading NVD data for 2016...
2025-06-12 15:38:36,311 - INFO - Downloading NVD data for 2017...
2025-06-12 15:38:36,347 - INFO - Downloading NVD data for 2018...
2025-06-12 15:38:36,383 - INFO - Downloading NVD data for 2019...
2025-06-12 15:38:36,419 - INFO - Downloading NVD data for 2020...
2025-06-12 15:38:36,454 - INFO - Downloading NVD data for 2021...
2025-06-12 15:38:36,489 - INFO - Downloading NVD data for 2022...
2025-06-12 15:38:36,524 - INFO - Downloading NVD data for 2023...
2025-06-12 15:38:36,560 - INFO - Downloading NVD data for 2024...
2025-06-12 15:38:36,595 - INFO - Downloading NVD data for 2025...
2025-06-12 15:38:37,689 - INFO - HTTP Request: GET https://nvd.nist.gov/feeds/json/cve/2.0/nvdcve-2.0-2007.json.zip "HTTP/1.1 200 OK"
2025-06-12 15:38:37,694 - INFO - HTTP Request: GET https://nvd.nist.gov/feeds/json/cve/2.0/nvdcve-2.0-2016.json.zip "HTTP/1.1 200 OK"
2025-06-12 15:38:37,701 - INFO - HTTP Request: GET https://nvd.nist.gov/feeds/json/cve/2.0/nvdcve-2.0-2023.json.zip "HTTP/1.1 200 OK"
2025-06-12 15:38:37,703 - INFO - HTTP Request: GET https://nvd.nist.gov/feeds/json/cve/2.0/nvdcve-2.0-2017.json.zip "HTTP/1.1 200 OK"
2025-06-12 15:38:37,721 - INFO - HTTP Request: GET https://nvd.nist.gov/feeds/json/cve/2.0/nvdcve-2.0-2018.json.zip "HTTP/1.1 200 OK"
2025-06-12 15:38:37,731 - INFO - HTTP Request: GET https://nvd.nist.gov/feeds/json/cve/2.0/nvdcve-2.0-2003.json.zip "HTTP/1.1 200 OK"
2025-06-12 15:38:37,737 - INFO - HTTP Request: GET https://nvd.nist.gov/feeds/json/cve/2.0/nvdcve-2.0-2002.json.zip "HTTP/1.1 200 OK"
2025-06-12 15:38:37,753 - INFO - HTTP Request: GET https://nvd.nist.gov/feeds/json/cve/2.0/nvdcve-2.0-2011.json.zip "HTTP/1.1 200 OK"
2025-06-12 15:38:37,755 - INFO - HTTP Request: GET https://nvd.nist.gov/feeds/json/cve/2.0/nvdcve-2.0-2024.json.zip "HTTP/1.1 200 OK"
2025-06-12 15:38:37,764 - INFO - HTTP Request: GET https://nvd.nist.gov/feeds/json/cve/2.0/nvdcve-2.0-2015.json.zip "HTTP/1.1 200 OK"
2025-06-12 15:38:37,774 - INFO - HTTP Request: GET https://nvd.nist.gov/feeds/json/cve/2.0/nvdcve-2.0-2009.json.zip "HTTP/1.1 200 OK"
2025-06-12 15:38:37,779 - INFO - HTTP Request: GET https://nvd.nist.gov/feeds/json/cve/2.0/nvdcve-2.0-2022.json.zip "HTTP/1.1 200 OK"
2025-06-12 15:38:37,798 - INFO - HTTP Request: GET https://nvd.nist.gov/feeds/json/cve/2.0/nvdcve-2.0-2010.json.zip "HTTP/1.1 200 OK"
2025-06-12 15:38:37,817 - INFO - HTTP Request: GET https://nvd.nist.gov/feeds/json/cve/2.0/nvdcve-2.0-2020.json.zip "HTTP/1.1 200 OK"
2025-06-12 15:38:37,879 - INFO - HTTP Request: GET https://nvd.nist.gov/feeds/json/cve/2.0/nvdcve-2.0-2005.json.zip "HTTP/1.1 200 OK"
2025-06-12 15:38:37,902 - INFO - HTTP Request: GET https://nvd.nist.gov/feeds/json/cve/2.0/nvdcve-2.0-2025.json.zip "HTTP/1.1 200 OK"
2025-06-12 15:38:37,909 - INFO - HTTP Request: GET https://nvd.nist.gov/feeds/json/cve/2.0/nvdcve-2.0-2014.json.zip "HTTP/1.1 200 OK"
2025-06-12 15:38:37,920 - INFO - HTTP Request: GET https://nvd.nist.gov/feeds/json/cve/2.0/nvdcve-2.0-2021.json.zip "HTTP/1.1 200 OK"
2025-06-12 15:38:37,929 - INFO - HTTP Request: GET https://nvd.nist.gov/feeds/json/cve/2.0/nvdcve-2.0-2019.json.zip "HTTP/1.1 200 OK"
2025-06-12 15:38:37,984 - INFO - HTTP Request: GET https://nvd.nist.gov/feeds/json/cve/2.0/nvdcve-2.0-2008.json.zip "HTTP/1.1 200 OK"
2025-06-12 15:38:38,010 - INFO - HTTP Request: GET https://nvd.nist.gov/feeds/json/cve/2.0/nvdcve-2.0-2006.json.zip "HTTP/1.1 200 OK"
2025-06-12 15:38:38,030 - INFO - HTTP Request: GET https://nvd.nist.gov/feeds/json/cve/2.0/nvdcve-2.0-2012.json.zip "HTTP/1.1 200 OK"
2025-06-12 15:38:38,040 - INFO - HTTP Request: GET https://nvd.nist.gov/feeds/json/cve/2.0/nvdcve-2.0-2004.json.zip "HTTP/1.1 200 OK"
2025-06-12 15:38:38,082 - INFO - HTTP Request: GET https://nvd.nist.gov/feeds/json/cve/2.0/nvdcve-2.0-2013.json.zip "HTTP/1.1 200 OK"
2025-06-12 15:38:38,266 - INFO - Extracted JSON for 2003 at nvd_data/cves/nvdcve-2.0-2003.json
2025-06-12 15:38:39,294 - INFO - Extracted JSON for 2011 at nvd_data/cves/nvdcve-2.0-2011.json
2025-06-12 15:38:39,774 - INFO - Extracted JSON for 2007 at nvd_data/cves/nvdcve-2.0-2007.json
2025-06-12 15:38:40,046 - INFO - Extracted JSON for 2002 at nvd_data/cves/nvdcve-2.0-2002.json
2025-06-12 15:38:40,236 - INFO - Extracted JSON for 2004 at nvd_data/cves/nvdcve-2.0-2004.json
2025-06-12 15:38:40,684 - INFO - Extracted JSON for 2006 at nvd_data/cves/nvdcve-2.0-2006.json
2025-06-12 15:38:41,303 - INFO - Extracted JSON for 2015 at nvd_data/cves/nvdcve-2.0-2015.json
2025-06-12 15:38:41,711 - INFO - Extracted JSON for 2014 at nvd_data/cves/nvdcve-2.0-2014.json
2025-06-12 15:38:41,898 - INFO - Extracted JSON for 2009 at nvd_data/cves/nvdcve-2.0-2009.json
2025-06-12 15:38:42,533 - INFO - Extracted JSON for 2013 at nvd_data/cves/nvdcve-2.0-2013.json
2025-06-12 15:38:44,270 - INFO - Extracted JSON for 2025 at nvd_data/cves/nvdcve-2.0-2025.json
2025-06-12 15:38:44,609 - INFO - Extracted JSON for 2010 at nvd_data/cves/nvdcve-2.0-2010.json
2025-06-12 15:38:44,830 - INFO - Extracted JSON for 2005 at nvd_data/cves/nvdcve-2.0-2005.json
2025-06-12 15:38:45,333 - INFO - Extracted JSON for 2016 at nvd_data/cves/nvdcve-2.0-2016.json
2025-06-12 15:38:45,754 - INFO - Extracted JSON for 2008 at nvd_data/cves/nvdcve-2.0-2008.json
2025-06-12 15:38:46,202 - INFO - Extracted JSON for 2012 at nvd_data/cves/nvdcve-2.0-2012.json
2025-06-12 15:38:46,923 - INFO - Extracted JSON for 2018 at nvd_data/cves/nvdcve-2.0-2018.json
2025-06-12 15:38:47,331 - INFO - Extracted JSON for 2017 at nvd_data/cves/nvdcve-2.0-2017.json
2025-06-12 15:38:48,072 - INFO - Extracted JSON for 2019 at nvd_data/cves/nvdcve-2.0-2019.json
2025-06-12 15:38:48,955 - INFO - Extracted JSON for 2020 at nvd_data/cves/nvdcve-2.0-2020.json
2025-06-12 15:38:49,773 - INFO - Extracted JSON for 2022 at nvd_data/cves/nvdcve-2.0-2022.json
2025-06-12 15:39:09,828 - INFO - Extracted JSON for 2023 at nvd_data/cves/nvdcve-2.0-2023.json
2025-06-12 15:39:10,647 - INFO - Extracted JSON for 2021 at nvd_data/cves/nvdcve-2.0-2021.json
2025-06-12 15:39:11,572 - INFO - Extracted JSON for 2024 at nvd_data/cves/nvdcve-2.0-2024.json
2025-06-12 15:39:11,902 - ERROR - Error parsing nvd_data/cves/nvdcve-2.0-2002.json: 'str' object has no attribute 'get'
2025-06-12 15:39:11,965 - ERROR - Error parsing nvd_data/cves/nvdcve-2.0-2003.json: 'str' object has no attribute 'get'
2025-06-12 15:39:12,129 - ERROR - Error parsing nvd_data/cves/nvdcve-2.0-2004.json: 'str' object has no attribute 'get'
2025-06-12 15:39:12,394 - ERROR - Error parsing nvd_data/cves/nvdcve-2.0-2005.json: 'str' object has no attribute 'get'
2025-06-12 15:39:12,844 - ERROR - Error parsing nvd_data/cves/nvdcve-2.0-2006.json: 'str' object has no attribute 'get'
2025-06-12 15:39:13,308 - ERROR - Error parsing nvd_data/cves/nvdcve-2.0-2007.json: 'str' object has no attribute 'get'
2025-06-12 15:39:13,801 - ERROR - Error parsing nvd_data/cves/nvdcve-2.0-2008.json: 'str' object has no attribute 'get'
2025-06-12 15:39:14,279 - ERROR - Error parsing nvd_data/cves/nvdcve-2.0-2009.json: 'str' object has no attribute 'get'
2025-06-12 15:39:14,770 - ERROR - Error parsing nvd_data/cves/nvdcve-2.0-2010.json: 'str' object has no attribute 'get'
2025-06-12 15:39:15,230 - ERROR - Error parsing nvd_data/cves/nvdcve-2.0-2011.json: 'str' object has no attribute 'get'
2025-06-12 15:39:15,696 - ERROR - Error parsing nvd_data/cves/nvdcve-2.0-2012.json: 'str' object has no attribute 'get'
2025-06-12 15:39:16,315 - ERROR - Error parsing nvd_data/cves/nvdcve-2.0-2013.json: 'str' object has no attribute 'get'
2025-06-12 15:39:16,986 - ERROR - Error parsing nvd_data/cves/nvdcve-2.0-2014.json: 'str' object has no attribute 'get'
2025-06-12 15:39:17,654 - ERROR - Error parsing nvd_data/cves/nvdcve-2.0-2015.json: 'str' object has no attribute 'get'
2025-06-12 15:39:18,519 - ERROR - Error parsing nvd_data/cves/nvdcve-2.0-2016.json: 'str' object has no attribute 'get'
2025-06-12 15:39:19,736 - ERROR - Error parsing nvd_data/cves/nvdcve-2.0-2017.json: 'str' object has no attribute 'get'
2025-06-12 15:39:21,089 - ERROR - Error parsing nvd_data/cves/nvdcve-2.0-2018.json: 'str' object has no attribute 'get'
2025-06-12 15:39:22,696 - ERROR - Error parsing nvd_data/cves/nvdcve-2.0-2019.json: 'str' object has no attribute 'get'
2025-06-12 15:39:24,688 - ERROR - Error parsing nvd_data/cves/nvdcve-2.0-2020.json: 'str' object has no attribute 'get'
2025-06-12 15:39:27,174 - ERROR - Error parsing nvd_data/cves/nvdcve-2.0-2021.json: 'str' object has no attribute 'get'
2025-06-12 15:39:29,874 - ERROR - Error parsing nvd_data/cves/nvdcve-2.0-2022.json: 'str' object has no attribute 'get'
2025-06-12 15:39:32,567 - ERROR - Error parsing nvd_data/cves/nvdcve-2.0-2023.json: 'str' object has no attribute 'get'
2025-06-12 15:39:35,133 - ERROR - Error parsing nvd_data/cves/nvdcve-2.0-2024.json: 'str' object has no attribute 'get'
2025-06-12 15:39:35,915 - ERROR - Error parsing nvd_data/cves/nvdcve-2.0-2025.json: 'str' object has no attribute 'get'
2025-06-12 15:39:35,954 - INFO - All data inserted in 60.21s
2025-06-12 15:41:33,264 - INFO - Downloading NVD data for 2002...
2025-06-12 15:41:33,335 - INFO - Downloading NVD data for 2003...
2025-06-12 15:41:33,372 - INFO - Downloading NVD data for 2004...
2025-06-12 15:41:33,408 - INFO - Downloading NVD data for 2005...
2025-06-12 15:41:33,444 - INFO - Downloading NVD data for 2006...
2025-06-12 15:41:33,480 - INFO - Downloading NVD data for 2007...
2025-06-12 15:41:33,515 - INFO - Downloading NVD data for 2008...
2025-06-12 15:41:33,551 - INFO - Downloading NVD data for 2009...
2025-06-12 15:41:33,588 - INFO - Downloading NVD data for 2010...
2025-06-12 15:41:33,623 - INFO - Downloading NVD data for 2011...
2025-06-12 15:41:33,659 - INFO - Downloading NVD data for 2012...
2025-06-12 15:41:33,694 - INFO - Downloading NVD data for 2013...
2025-06-12 15:41:33,730 - INFO - Downloading NVD data for 2014...
2025-06-12 15:41:33,765 - INFO - Downloading NVD data for 2015...
2025-06-12 15:41:33,801 - INFO - Downloading NVD data for 2016...
2025-06-12 15:41:33,836 - INFO - Downloading NVD data for 2017...
2025-06-12 15:41:33,872 - INFO - Downloading NVD data for 2018...
2025-06-12 15:41:33,908 - INFO - Downloading NVD data for 2019...
2025-06-12 15:41:33,944 - INFO - Downloading NVD data for 2020...
2025-06-12 15:41:33,979 - INFO - Downloading NVD data for 2021...
2025-06-12 15:41:34,015 - INFO - Downloading NVD data for 2022...
2025-06-12 15:41:34,050 - INFO - Downloading NVD data for 2023...
2025-06-12 15:41:34,086 - INFO - Downloading NVD data for 2024...
2025-06-12 15:41:34,122 - INFO - Downloading NVD data for 2025...
2025-06-12 15:41:35,190 - INFO - HTTP Request: GET https://nvd.nist.gov/feeds/json/cve/2.0/nvdcve-2.0-2003.json.zip "HTTP/1.1 200 OK"
2025-06-12 15:41:35,202 - INFO - HTTP Request: GET https://nvd.nist.gov/feeds/json/cve/2.0/nvdcve-2.0-2014.json.zip "HTTP/1.1 200 OK"
2025-06-12 15:41:35,219 - INFO - HTTP Request: GET https://nvd.nist.gov/feeds/json/cve/2.0/nvdcve-2.0-2008.json.zip "HTTP/1.1 200 OK"
2025-06-12 15:41:35,221 - INFO - HTTP Request: GET https://nvd.nist.gov/feeds/json/cve/2.0/nvdcve-2.0-2016.json.zip "HTTP/1.1 200 OK"
2025-06-12 15:41:35,243 - INFO - HTTP Request: GET https://nvd.nist.gov/feeds/json/cve/2.0/nvdcve-2.0-2009.json.zip "HTTP/1.1 200 OK"
2025-06-12 15:41:35,253 - INFO - HTTP Request: GET https://nvd.nist.gov/feeds/json/cve/2.0/nvdcve-2.0-2019.json.zip "HTTP/1.1 200 OK"
2025-06-12 15:41:35,255 - INFO - HTTP Request: GET https://nvd.nist.gov/feeds/json/cve/2.0/nvdcve-2.0-2010.json.zip "HTTP/1.1 200 OK"
2025-06-12 15:41:35,260 - INFO - HTTP Request: GET https://nvd.nist.gov/feeds/json/cve/2.0/nvdcve-2.0-2018.json.zip "HTTP/1.1 200 OK"
2025-06-12 15:41:35,264 - INFO - HTTP Request: GET https://nvd.nist.gov/feeds/json/cve/2.0/nvdcve-2.0-2025.json.zip "HTTP/1.1 200 OK"
2025-06-12 15:41:35,277 - INFO - HTTP Request: GET https://nvd.nist.gov/feeds/json/cve/2.0/nvdcve-2.0-2024.json.zip "HTTP/1.1 200 OK"
2025-06-12 15:41:35,296 - INFO - HTTP Request: GET https://nvd.nist.gov/feeds/json/cve/2.0/nvdcve-2.0-2002.json.zip "HTTP/1.1 200 OK"
2025-06-12 15:41:35,299 - INFO - HTTP Request: GET https://nvd.nist.gov/feeds/json/cve/2.0/nvdcve-2.0-2006.json.zip "HTTP/1.1 200 OK"
2025-06-12 15:41:35,302 - INFO - HTTP Request: GET https://nvd.nist.gov/feeds/json/cve/2.0/nvdcve-2.0-2004.json.zip "HTTP/1.1 200 OK"
2025-06-12 15:41:35,311 - INFO - HTTP Request: GET https://nvd.nist.gov/feeds/json/cve/2.0/nvdcve-2.0-2015.json.zip "HTTP/1.1 200 OK"
2025-06-12 15:41:35,318 - INFO - HTTP Request: GET https://nvd.nist.gov/feeds/json/cve/2.0/nvdcve-2.0-2005.json.zip "HTTP/1.1 200 OK"
2025-06-12 15:41:35,406 - INFO - HTTP Request: GET https://nvd.nist.gov/feeds/json/cve/2.0/nvdcve-2.0-2017.json.zip "HTTP/1.1 200 OK"
2025-06-12 15:41:35,411 - INFO - HTTP Request: GET https://nvd.nist.gov/feeds/json/cve/2.0/nvdcve-2.0-2012.json.zip "HTTP/1.1 200 OK"
2025-06-12 15:41:35,429 - INFO - HTTP Request: GET https://nvd.nist.gov/feeds/json/cve/2.0/nvdcve-2.0-2021.json.zip "HTTP/1.1 200 OK"
2025-06-12 15:41:35,467 - INFO - HTTP Request: GET https://nvd.nist.gov/feeds/json/cve/2.0/nvdcve-2.0-2013.json.zip "HTTP/1.1 200 OK"
2025-06-12 15:41:35,491 - INFO - HTTP Request: GET https://nvd.nist.gov/feeds/json/cve/2.0/nvdcve-2.0-2007.json.zip "HTTP/1.1 200 OK"
2025-06-12 15:41:35,496 - INFO - HTTP Request: GET https://nvd.nist.gov/feeds/json/cve/2.0/nvdcve-2.0-2023.json.zip "HTTP/1.1 200 OK"
2025-06-12 15:41:35,537 - INFO - HTTP Request: GET https://nvd.nist.gov/feeds/json/cve/2.0/nvdcve-2.0-2022.json.zip "HTTP/1.1 200 OK"
2025-06-12 15:41:35,548 - INFO - HTTP Request: GET https://nvd.nist.gov/feeds/json/cve/2.0/nvdcve-2.0-2020.json.zip "HTTP/1.1 200 OK"
2025-06-12 15:41:35,613 - INFO - HTTP Request: GET https://nvd.nist.gov/feeds/json/cve/2.0/nvdcve-2.0-2011.json.zip "HTTP/1.1 200 OK"
2025-06-12 15:41:35,768 - INFO - Extracted JSON for 2003 at nvd_data/cves/nvdcve-2.0-2003.json
2025-06-12 15:41:37,006 - INFO - Extracted JSON for 2002 at nvd_data/cves/nvdcve-2.0-2002.json
2025-06-12 15:41:37,272 - INFO - Extracted JSON for 2006 at nvd_data/cves/nvdcve-2.0-2006.json
2025-06-12 15:41:37,800 - INFO - Extracted JSON for 2025 at nvd_data/cves/nvdcve-2.0-2025.json
2025-06-12 15:41:38,142 - INFO - Extracted JSON for 2004 at nvd_data/cves/nvdcve-2.0-2004.json
2025-06-12 15:41:38,723 - INFO - Extracted JSON for 2016 at nvd_data/cves/nvdcve-2.0-2016.json
2025-06-12 15:41:39,142 - INFO - Extracted JSON for 2008 at nvd_data/cves/nvdcve-2.0-2008.json
2025-06-12 15:41:39,271 - INFO - Extracted JSON for 2005 at nvd_data/cves/nvdcve-2.0-2005.json
2025-06-12 15:41:39,772 - INFO - Extracted JSON for 2015 at nvd_data/cves/nvdcve-2.0-2015.json
2025-06-12 15:41:40,258 - INFO - Extracted JSON for 2014 at nvd_data/cves/nvdcve-2.0-2014.json
2025-06-12 15:41:40,682 - INFO - Extracted JSON for 2012 at nvd_data/cves/nvdcve-2.0-2012.json
2025-06-12 15:41:41,021 - INFO - Extracted JSON for 2007 at nvd_data/cves/nvdcve-2.0-2007.json
2025-06-12 15:41:41,492 - INFO - Extracted JSON for 2013 at nvd_data/cves/nvdcve-2.0-2013.json
2025-06-12 15:41:41,857 - INFO - Extracted JSON for 2010 at nvd_data/cves/nvdcve-2.0-2010.json
2025-06-12 15:41:42,169 - INFO - Extracted JSON for 2009 at nvd_data/cves/nvdcve-2.0-2009.json
2025-06-12 15:41:42,791 - INFO - Extracted JSON for 2011 at nvd_data/cves/nvdcve-2.0-2011.json
2025-06-12 15:41:43,454 - INFO - Extracted JSON for 2017 at nvd_data/cves/nvdcve-2.0-2017.json
2025-06-12 15:41:44,533 - INFO - Extracted JSON for 2018 at nvd_data/cves/nvdcve-2.0-2018.json
2025-06-12 15:41:45,110 - INFO - Extracted JSON for 2019 at nvd_data/cves/nvdcve-2.0-2019.json
2025-06-12 15:41:46,141 - INFO - Extracted JSON for 2020 at nvd_data/cves/nvdcve-2.0-2020.json
2025-06-12 15:41:47,166 - INFO - Extracted JSON for 2022 at nvd_data/cves/nvdcve-2.0-2022.json
2025-06-12 15:42:06,780 - INFO - Extracted JSON for 2023 at nvd_data/cves/nvdcve-2.0-2023.json
